
*** Running vivado
    with args -log Arty_Z7_20_axi_gpio_led_0.vds -m64 -product Vivado -mode batch -messageDb vivado.pb -notrace -source Arty_Z7_20_axi_gpio_led_0.tcl


****** Vivado v2016.4 (64-bit)
  **** SW Build 1756540 on Mon Jan 23 19:11:23 MST 2017
  **** IP Build 1755317 on Mon Jan 23 20:30:07 MST 2017
    ** Copyright 1986-2016 Xilinx, Inc. All Rights Reserved.

Sourcing tcl script 'C:/Users/sbobrowicz/AppData/Roaming/Xilinx/Vivado/init.tcl'
source Arty_Z7_20_axi_gpio_led_0.tcl -notrace
Starting RTL Elaboration : Time (s): cpu = 00:00:10 ; elapsed = 00:00:19 . Memory (MB): peak = 381.105 ; gain = 171.086
INFO: [Synth 8-638] synthesizing module 'Arty_Z7_20_axi_gpio_led_0' [c:/sam_work/git/digilent/Arty-Z7-20-base/src/bd/Arty_Z7_20/ip/Arty_Z7_20_axi_gpio_led_0/synth/Arty_Z7_20_axi_gpio_led_0.vhd:86]
INFO: [Synth 8-638] synthesizing module 'axi_gpio' [c:/sam_work/git/digilent/Arty-Z7-20-base/src/bd/Arty_Z7_20/ipshared/4f16/hdl/axi_gpio_v2_0_vh_rfs.vhd:1091]
INFO: [Synth 8-638] synthesizing module 'axi_lite_ipif' [c:/sam_work/git/digilent/Arty-Z7-20-base/src/bd/Arty_Z7_20/ipshared/0ba0/hdl/axi_lite_ipif_v3_0_vh_rfs.vhd:2948]
INFO: [Synth 8-638] synthesizing module 'slave_attachment' [c:/sam_work/git/digilent/Arty-Z7-20-base/src/bd/Arty_Z7_20/ipshared/0ba0/hdl/axi_lite_ipif_v3_0_vh_rfs.vhd:2341]
INFO: [Synth 8-638] synthesizing module 'address_decoder' [c:/sam_work/git/digilent/Arty-Z7-20-base/src/bd/Arty_Z7_20/ipshared/0ba0/hdl/axi_lite_ipif_v3_0_vh_rfs.vhd:1775]
INFO: [Synth 8-638] synthesizing module 'pselect_f' [c:/sam_work/git/digilent/Arty-Z7-20-base/src/bd/Arty_Z7_20/ipshared/0ba0/hdl/axi_lite_ipif_v3_0_vh_rfs.vhd:1534]
INFO: [Synth 8-256] done synthesizing module 'pselect_f' (1#1) [c:/sam_work/git/digilent/Arty-Z7-20-base/src/bd/Arty_Z7_20/ipshared/0ba0/hdl/axi_lite_ipif_v3_0_vh_rfs.vhd:1534]
INFO: [Synth 8-638] synthesizing module 'pselect_f__parameterized0' [c:/sam_work/git/digilent/Arty-Z7-20-base/src/bd/Arty_Z7_20/ipshared/0ba0/hdl/axi_lite_ipif_v3_0_vh_rfs.vhd:1534]
INFO: [Synth 8-256] done synthesizing module 'pselect_f__parameterized0' (1#1) [c:/sam_work/git/digilent/Arty-Z7-20-base/src/bd/Arty_Z7_20/ipshared/0ba0/hdl/axi_lite_ipif_v3_0_vh_rfs.vhd:1534]
INFO: [Synth 8-638] synthesizing module 'pselect_f__parameterized1' [c:/sam_work/git/digilent/Arty-Z7-20-base/src/bd/Arty_Z7_20/ipshared/0ba0/hdl/axi_lite_ipif_v3_0_vh_rfs.vhd:1534]
INFO: [Synth 8-256] done synthesizing module 'pselect_f__parameterized1' (1#1) [c:/sam_work/git/digilent/Arty-Z7-20-base/src/bd/Arty_Z7_20/ipshared/0ba0/hdl/axi_lite_ipif_v3_0_vh_rfs.vhd:1534]
INFO: [Synth 8-638] synthesizing module 'pselect_f__parameterized2' [c:/sam_work/git/digilent/Arty-Z7-20-base/src/bd/Arty_Z7_20/ipshared/0ba0/hdl/axi_lite_ipif_v3_0_vh_rfs.vhd:1534]
INFO: [Synth 8-256] done synthesizing module 'pselect_f__parameterized2' (1#1) [c:/sam_work/git/digilent/Arty-Z7-20-base/src/bd/Arty_Z7_20/ipshared/0ba0/hdl/axi_lite_ipif_v3_0_vh_rfs.vhd:1534]
INFO: [Synth 8-256] done synthesizing module 'address_decoder' (2#1) [c:/sam_work/git/digilent/Arty-Z7-20-base/src/bd/Arty_Z7_20/ipshared/0ba0/hdl/axi_lite_ipif_v3_0_vh_rfs.vhd:1775]
INFO: [Synth 8-256] done synthesizing module 'slave_attachment' (3#1) [c:/sam_work/git/digilent/Arty-Z7-20-base/src/bd/Arty_Z7_20/ipshared/0ba0/hdl/axi_lite_ipif_v3_0_vh_rfs.vhd:2341]
INFO: [Synth 8-256] done synthesizing module 'axi_lite_ipif' (4#1) [c:/sam_work/git/digilent/Arty-Z7-20-base/src/bd/Arty_Z7_20/ipshared/0ba0/hdl/axi_lite_ipif_v3_0_vh_rfs.vhd:2948]
INFO: [Synth 8-638] synthesizing module 'GPIO_Core' [c:/sam_work/git/digilent/Arty-Z7-20-base/src/bd/Arty_Z7_20/ipshared/4f16/hdl/axi_gpio_v2_0_vh_rfs.vhd:173]
INFO: [Synth 8-638] synthesizing module 'cdc_sync' [c:/sam_work/git/digilent/Arty-Z7-20-base/src/bd/Arty_Z7_20/ipshared/52cb/hdl/lib_cdc_v1_0_rfs.vhd:106]
INFO: [Synth 8-256] done synthesizing module 'cdc_sync' (5#1) [c:/sam_work/git/digilent/Arty-Z7-20-base/src/bd/Arty_Z7_20/ipshared/52cb/hdl/lib_cdc_v1_0_rfs.vhd:106]
INFO: [Synth 8-256] done synthesizing module 'GPIO_Core' (6#1) [c:/sam_work/git/digilent/Arty-Z7-20-base/src/bd/Arty_Z7_20/ipshared/4f16/hdl/axi_gpio_v2_0_vh_rfs.vhd:173]
INFO: [Synth 8-256] done synthesizing module 'axi_gpio' (7#1) [c:/sam_work/git/digilent/Arty-Z7-20-base/src/bd/Arty_Z7_20/ipshared/4f16/hdl/axi_gpio_v2_0_vh_rfs.vhd:1091]
INFO: [Synth 8-256] done synthesizing module 'Arty_Z7_20_axi_gpio_led_0' (8#1) [c:/sam_work/git/digilent/Arty-Z7-20-base/src/bd/Arty_Z7_20/ip/Arty_Z7_20_axi_gpio_led_0/synth/Arty_Z7_20_axi_gpio_led_0.vhd:86]
Finished RTL Elaboration : Time (s): cpu = 00:00:12 ; elapsed = 00:00:21 . Memory (MB): peak = 419.512 ; gain = 209.492
Finished RTL Optimization Phase 1 : Time (s): cpu = 00:00:12 ; elapsed = 00:00:21 . Memory (MB): peak = 419.512 ; gain = 209.492
INFO: [Device 21-403] Loading part xc7z020clg400-1
Constraint Validation Runtime : Time (s): cpu = 00:00:01 ; elapsed = 00:00:00.141 . Memory (MB): peak = 738.082 ; gain = 0.047
Finished Constraint Validation : Time (s): cpu = 00:00:22 ; elapsed = 00:00:37 . Memory (MB): peak = 738.082 ; gain = 528.063
Finished Loading Part and Timing Information : Time (s): cpu = 00:00:22 ; elapsed = 00:00:37 . Memory (MB): peak = 738.082 ; gain = 528.063
Finished applying 'set_property' XDC Constraints : Time (s): cpu = 00:00:22 ; elapsed = 00:00:37 . Memory (MB): peak = 738.082 ; gain = 528.063
Finished RTL Optimization Phase 2 : Time (s): cpu = 00:00:23 ; elapsed = 00:00:38 . Memory (MB): peak = 738.082 ; gain = 528.063
Finished Cross Boundary and Area Optimization : Time (s): cpu = 00:00:23 ; elapsed = 00:00:38 . Memory (MB): peak = 738.082 ; gain = 528.063
Finished Applying XDC Timing Constraints : Time (s): cpu = 00:00:34 ; elapsed = 00:00:51 . Memory (MB): peak = 738.082 ; gain = 528.063
Finished Timing Optimization : Time (s): cpu = 00:00:34 ; elapsed = 00:00:51 . Memory (MB): peak = 738.082 ; gain = 528.063
Finished Technology Mapping : Time (s): cpu = 00:00:34 ; elapsed = 00:00:51 . Memory (MB): peak = 738.082 ; gain = 528.063
Finished IO Insertion : Time (s): cpu = 00:00:35 ; elapsed = 00:00:52 . Memory (MB): peak = 738.082 ; gain = 528.063
Finished Renaming Generated Instances : Time (s): cpu = 00:00:35 ; elapsed = 00:00:52 . Memory (MB): peak = 738.082 ; gain = 528.063
Finished Rebuilding User Hierarchy : Time (s): cpu = 00:00:35 ; elapsed = 00:00:52 . Memory (MB): peak = 738.082 ; gain = 528.063
Finished Renaming Generated Ports : Time (s): cpu = 00:00:35 ; elapsed = 00:00:52 . Memory (MB): peak = 738.082 ; gain = 528.063
Finished Handling Custom Attributes : Time (s): cpu = 00:00:35 ; elapsed = 00:00:52 . Memory (MB): peak = 738.082 ; gain = 528.063
Finished Renaming Generated Nets : Time (s): cpu = 00:00:35 ; elapsed = 00:00:52 . Memory (MB): peak = 738.082 ; gain = 528.063

Report Cell Usage: 
+------+-----+------+
|      |Cell |Count |
+------+-----+------+
|1     |LUT1 |     2|
|2     |LUT2 |     5|
|3     |LUT3 |     4|
|4     |LUT4 |     7|
|5     |LUT5 |    11|
|6     |LUT6 |    10|
|7     |FDR  |    16|
|8     |FDRE |    41|
|9     |FDSE |     4|
+------+-----+------+
Finished Writing Synthesis Report : Time (s): cpu = 00:00:35 ; elapsed = 00:00:52 . Memory (MB): peak = 738.082 ; gain = 528.063
synth_design: Time (s): cpu = 00:00:30 ; elapsed = 00:00:41 . Memory (MB): peak = 738.082 ; gain = 440.512
